Cuda number of devices: 1
Current device id: 0
Current device name: Tesla K40c
[==========] Running 44 tests from 4 test cases.
[----------] Global test environment set-up.
[----------] 11 tests from PoolingLayerTest/0, where TypeParam = caffe::CPUDevice<float>
[ RUN      ] PoolingLayerTest/0.TestSetup
[       OK ] PoolingLayerTest/0.TestSetup (440 ms)
[ RUN      ] PoolingLayerTest/0.TestSetupPadded
[       OK ] PoolingLayerTest/0.TestSetupPadded (0 ms)
[ RUN      ] PoolingLayerTest/0.TestSetupGlobalPooling
[       OK ] PoolingLayerTest/0.TestSetupGlobalPooling (0 ms)
[ RUN      ] PoolingLayerTest/0.TestForwardMax
[       OK ] PoolingLayerTest/0.TestForwardMax (0 ms)
[ RUN      ] PoolingLayerTest/0.TestForwardMaxTopMask
[       OK ] PoolingLayerTest/0.TestForwardMaxTopMask (0 ms)
[ RUN      ] PoolingLayerTest/0.TestGradientMax
[       OK ] PoolingLayerTest/0.TestGradientMax (580 ms)
[ RUN      ] PoolingLayerTest/0.TestForwardMaxPadded
[       OK ] PoolingLayerTest/0.TestForwardMaxPadded (0 ms)
[ RUN      ] PoolingLayerTest/0.TestGradientMaxTopMask
[       OK ] PoolingLayerTest/0.TestGradientMaxTopMask (479 ms)
[ RUN      ] PoolingLayerTest/0.TestForwardAve
[       OK ] PoolingLayerTest/0.TestForwardAve (0 ms)
[ RUN      ] PoolingLayerTest/0.TestGradientAve
[       OK ] PoolingLayerTest/0.TestGradientAve (181 ms)
[ RUN      ] PoolingLayerTest/0.TestGradientAvePadded
[       OK ] PoolingLayerTest/0.TestGradientAvePadded (655 ms)
[----------] 11 tests from PoolingLayerTest/0 (2335 ms total)

[----------] 11 tests from PoolingLayerTest/1, where TypeParam = caffe::CPUDevice<double>
[ RUN      ] PoolingLayerTest/1.TestSetup
[       OK ] PoolingLayerTest/1.TestSetup (0 ms)
[ RUN      ] PoolingLayerTest/1.TestSetupPadded
[       OK ] PoolingLayerTest/1.TestSetupPadded (0 ms)
[ RUN      ] PoolingLayerTest/1.TestSetupGlobalPooling
[       OK ] PoolingLayerTest/1.TestSetupGlobalPooling (0 ms)
[ RUN      ] PoolingLayerTest/1.TestForwardMax
[       OK ] PoolingLayerTest/1.TestForwardMax (0 ms)
[ RUN      ] PoolingLayerTest/1.TestForwardMaxTopMask
[       OK ] PoolingLayerTest/1.TestForwardMaxTopMask (0 ms)
[ RUN      ] PoolingLayerTest/1.TestGradientMax
[       OK ] PoolingLayerTest/1.TestGradientMax (484 ms)
[ RUN      ] PoolingLayerTest/1.TestForwardMaxPadded
[       OK ] PoolingLayerTest/1.TestForwardMaxPadded (0 ms)
[ RUN      ] PoolingLayerTest/1.TestGradientMaxTopMask
[       OK ] PoolingLayerTest/1.TestGradientMaxTopMask (406 ms)
[ RUN      ] PoolingLayerTest/1.TestForwardAve
[       OK ] PoolingLayerTest/1.TestForwardAve (0 ms)
[ RUN      ] PoolingLayerTest/1.TestGradientAve
[       OK ] PoolingLayerTest/1.TestGradientAve (174 ms)
[ RUN      ] PoolingLayerTest/1.TestGradientAvePadded
[       OK ] PoolingLayerTest/1.TestGradientAvePadded (677 ms)
[----------] 11 tests from PoolingLayerTest/1 (1741 ms total)

[----------] 11 tests from PoolingLayerTest/2, where TypeParam = caffe::GPUDevice<float>
[ RUN      ] PoolingLayerTest/2.TestSetup
[       OK ] PoolingLayerTest/2.TestSetup (22 ms)
[ RUN      ] PoolingLayerTest/2.TestSetupPadded
[       OK ] PoolingLayerTest/2.TestSetupPadded (2 ms)
[ RUN      ] PoolingLayerTest/2.TestSetupGlobalPooling
[       OK ] PoolingLayerTest/2.TestSetupGlobalPooling (1 ms)
[ RUN      ] PoolingLayerTest/2.TestForwardMax
[       OK ] PoolingLayerTest/2.TestForwardMax (2 ms)
[ RUN      ] PoolingLayerTest/2.TestForwardMaxTopMask
[       OK ] PoolingLayerTest/2.TestForwardMaxTopMask (1 ms)
[ RUN      ] PoolingLayerTest/2.TestGradientMax
2
3
16
3
16
7
30
21
16
35
16
27
30
31
56
35
56
49
50
53
56
55
56
59
70
73
72
67
76
67
70
93
72
93
88
97
100
93
106
93
118
97
112
113
114
115
118
119
132
133
132
125
128
139
132
153
132
153
136
149
152
153
164
167
166
167
170
171
174
177
176
177
2
3
16
3
16
7
30
21
16
35
16
27
30
35
56
35
56
49
50
55
56
55
56
59
70
75
72
67
76
67
70
93
88
93
88
97
100
93
118
93
118
97
114
115
118
115
118
119
132
125
132
139
128
139
132
153
132
149
136
149
164
153
164
167
166
167
174
171
174
177
176
177
2
21
16
3
16
27
30
21
16
35
16
49
30
31
56
35
56
49
70
73
72
67
88
67
100
93
106
93
88
97
100
93
106
93
118
97
132
133
132
125
128
149
132
153
164
167
166
149
152
153
164
167
166
167
2
21
16
3
16
27
30
21
16
35
16
49
30
35
56
35
56
49
70
75
88
67
88
67
100
93
88
93
88
97
100
93
118
93
118
97
132
125
132
149
128
149
164
153
164
149
166
149
164
153
164
167
166
167
[       OK ] PoolingLayerTest/2.TestGradientMax (6934 ms)
[ RUN      ] PoolingLayerTest/2.TestForwardMaxPadded
[       OK ] PoolingLayerTest/2.TestForwardMaxPadded (1 ms)
[ RUN      ] PoolingLayerTest/2.TestGradientMaxTopMask
2
21
16
25
30
21
34
35
40
55
56
49
70
75
88
67
100
93
88
85
100
103
118
107
132
125
124
149
164
153
164
149
164
171
164
167
16
21
16
25
30
21
34
35
56
55
56
49
70
67
88
67
100
93
88
85
100
103
118
107
132
125
124
149
164
167
164
149
164
167
164
167
30
21
16
35
30
21
56
35
70
93
88
67
100
93
118
85
132
153
124
149
164
153
164
149
30
21
16
35
56
21
56
35
70
93
88
67
100
93
118
85
132
153
124
149
164
167
164
149
[       OK ] PoolingLayerTest/2.TestGradientMaxTopMask (6610 ms)
[ RUN      ] PoolingLayerTest/2.TestForwardAve
[       OK ] PoolingLayerTest/2.TestForwardAve (1 ms)
[ RUN      ] PoolingLayerTest/2.TestGradientAve
[       OK ] PoolingLayerTest/2.TestGradientAve (3297 ms)
[ RUN      ] PoolingLayerTest/2.TestGradientAvePadded
[       OK ] PoolingLayerTest/2.TestGradientAvePadded (10523 ms)
[----------] 11 tests from PoolingLayerTest/2 (27394 ms total)

[----------] 11 tests from PoolingLayerTest/3, where TypeParam = caffe::GPUDevice<double>
[ RUN      ] PoolingLayerTest/3.TestSetup
[       OK ] PoolingLayerTest/3.TestSetup (2 ms)
[ RUN      ] PoolingLayerTest/3.TestSetupPadded
[       OK ] PoolingLayerTest/3.TestSetupPadded (3 ms)
[ RUN      ] PoolingLayerTest/3.TestSetupGlobalPooling
[       OK ] PoolingLayerTest/3.TestSetupGlobalPooling (2 ms)
[ RUN      ] PoolingLayerTest/3.TestForwardMax
[       OK ] PoolingLayerTest/3.TestForwardMax (3 ms)
[ RUN      ] PoolingLayerTest/3.TestForwardMaxTopMask
[       OK ] PoolingLayerTest/3.TestForwardMaxTopMask (4 ms)
[ RUN      ] PoolingLayerTest/3.TestGradientMax
2
3
16
3
16
7
30
21
16
35
16
27
30
31
56
35
56
49
50
53
56
55
56
59
70
73
72
67
76
67
70
93
72
93
88
97
100
93
106
93
118
97
112
113
114
115
118
119
132
133
132
125
128
139
132
153
132
153
136
149
152
153
164
167
166
167
170
171
174
177
176
177
2
3
16
3
16
7
30
21
16
35
16
27
30
35
56
35
56
49
50
55
56
55
56
59
70
75
72
67
76
67
70
93
88
93
88
97
100
93
118
93
118
97
114
115
118
115
118
119
132
125
132
139
128
139
132
153
132
149
136
149
164
153
164
167
166
167
174
171
174
177
176
177
2
21
16
3
16
27
30
21
16
35
16
49
30
31
56
35
56
49
70
73
72
67
88
67
100
93
106
93
88
97
100
93
106
93
118
97
132
133
132
125
128
149
132
153
164
167
166
149
152
153
164
167
166
167
2
21
16
3
16
27
30
21
16
35
16
49
30
35
56
35
56
49
70
75
88
67
88
67
100
93
88
93
88
97
100
93
118
93
118
97
132
125
132
149
128
149
164
153
164
149
166
149
164
153
164
167
166
167
[       OK ] PoolingLayerTest/3.TestGradientMax (6973 ms)
[ RUN      ] PoolingLayerTest/3.TestForwardMaxPadded
[       OK ] PoolingLayerTest/3.TestForwardMaxPadded (3 ms)
[ RUN      ] PoolingLayerTest/3.TestGradientMaxTopMask
2
21
16
25
30
21
34
35
40
55
56
49
70
75
88
67
100
93
88
85
100
103
118
107
132
125
124
149
164
153
164
149
164
171
164
167
16
21
16
25
30
21
34
35
56
55
56
49
70
67
88
67
100
93
88
85
100
103
118
107
132
125
124
149
164
167
164
149
164
167
164
167
30
21
16
35
30
21
56
35
70
93
88
67
100
93
118
85
132
153
124
149
164
153
164
149
30
21
16
35
56
21
56
35
70
93
88
67
100
93
118
85
132
153
124
149
164
167
164
149
[       OK ] PoolingLayerTest/3.TestGradientMaxTopMask (6624 ms)
[ RUN      ] PoolingLayerTest/3.TestForwardAve
[       OK ] PoolingLayerTest/3.TestForwardAve (2 ms)
[ RUN      ] PoolingLayerTest/3.TestGradientAve
[       OK ] PoolingLayerTest/3.TestGradientAve (3329 ms)
[ RUN      ] PoolingLayerTest/3.TestGradientAvePadded
[       OK ] PoolingLayerTest/3.TestGradientAvePadded (10598 ms)
[----------] 11 tests from PoolingLayerTest/3 (27543 ms total)

[----------] Global test environment tear-down
[==========] 44 tests from 4 test cases ran. (59013 ms total)
[  PASSED  ] 44 tests.
